<?xml version="1.0" encoding="utf-8"?><testsuites name="pytest tests"><testsuite name="pytest" errors="0" failures="0" skipped="0" tests="11" time="1.983" timestamp="2026-01-24T14:52:16.627642+00:00" hostname="agent-env-02c7ba63-9d90-498d-a7f0-cc94c70f8c7f"><testcase classname="tests.test_backend.TestHealthAndRoot" name="test_api_root" time="0.055" /><testcase classname="tests.test_backend.TestPortfolioAPI" name="test_get_all_portfolio" time="0.036" /><testcase classname="tests.test_backend.TestPortfolioAPI" name="test_get_portfolio_not_found" time="0.038" /><testcase classname="tests.test_backend.TestContactAPI" name="test_submit_contact_form" time="0.065" /><testcase classname="tests.test_backend.TestContactAPI" name="test_submit_contact_form_send_email" time="0.038" /><testcase classname="tests.test_backend.TestContactAPI" name="test_get_contact_submissions" time="0.037" /><testcase classname="tests.test_backend.TestChatAPI" name="test_chat_endpoint" time="1.273" /><testcase classname="tests.test_backend.TestChatAPI" name="test_chat_history" time="0.040" /><testcase classname="tests.test_backend.TestAuthAPI" name="test_register_user" time="0.269" /><testcase classname="tests.test_backend.TestAuthAPI" name="test_login_invalid_credentials" time="0.036" /><testcase classname="tests.test_backend.TestAuthAPI" name="test_get_me_unauthorized" time="0.034" /></testsuite></testsuites>